<?xml version="1.0" encoding="UTF-8"?>
<!-- Generated by org.testng.reporters.JUnitXMLReporter -->
<testsuite hostname="HDC2-L-9227QQ2" ignored="0" name="Test" tests="4" failures="0" timestamp="17 Jul 2019 11:47:36 GMT" time="0.072" errors="0">
  <testcase name="f" time="0.01" classname="testcases.TC_99"/>
  <testcase name="f" time="0.003" classname="testcases.Demo12333"/>
  <testcase name="g" time="0.001" classname="testcases.Demo12333"/>
  <testcase name="h" time="0.003" classname="testcases.Demo12333"/>
</testsuite> <!-- Test -->
