<?xml version="1.0" encoding="UTF-8"?>
<testng-results skipped="0" failed="0" total="3" passed="3">
  <reporter-output>
  </reporter-output>
  <suite name="Default suite" duration-ms="49511" started-at="2019-07-23T06:42:13Z" finished-at="2019-07-23T06:43:02Z">
    <groups>
    </groups>
    <test name="Default test" duration-ms="49511" started-at="2019-07-23T06:42:13Z" finished-at="2019-07-23T06:43:02Z">
      <class name="testmeapp.OnlineShoppingTest">
        <test-method status="PASS" signature="launch()[pri:0, instance:testmeapp.OnlineShoppingTest@75bd9247]" name="launch" is-config="true" duration-ms="11695" started-at="2019-07-23T12:12:13Z" finished-at="2019-07-23T12:12:24Z">
          <reporter-output>
          </reporter-output>
        </test-method> <!-- launch -->
        <test-method status="PASS" signature="testLogin(java.lang.String, java.lang.String)[pri:0, instance:testmeapp.OnlineShoppingTest@75bd9247]" name="testLogin" duration-ms="19705" started-at="2019-07-23T12:12:24Z" data-provider="dp" finished-at="2019-07-23T12:12:44Z">
          <params>
            <param index="0">
              <value>
                <![CDATA[fgmnzx]]>
              </value>
            </param>
            <param index="1">
              <value>
                <![CDATA[mnbvcxz]]>
              </value>
            </param>
          </params>
          <reporter-output>
          </reporter-output>
        </test-method> <!-- testLogin -->
        <test-method status="PASS" signature="getResultAfterMethod(org.testng.ITestResult)[pri:0, instance:testmeapp.OnlineShoppingTest@75bd9247]" name="getResultAfterMethod" is-config="true" duration-ms="9" started-at="2019-07-23T12:12:44Z" finished-at="2019-07-23T12:12:44Z">
          <params>
            <param index="0">
              <value>
                <![CDATA[[TestResult name=testLogin status=SUCCESS method=OnlineShoppingTest.testLogin(java.lang.String, java.lang.String)[pri:0, instance:testmeapp.OnlineShoppingTest@75bd9247] output={null}]]]>
              </value>
            </param>
          </params>
          <reporter-output>
          </reporter-output>
        </test-method> <!-- getResultAfterMethod -->
        <test-method status="PASS" signature="testCart()[pri:0, instance:testmeapp.OnlineShoppingTest@75bd9247]" name="testCart" duration-ms="8991" started-at="2019-07-23T12:12:44Z" finished-at="2019-07-23T12:12:53Z">
          <reporter-output>
          </reporter-output>
        </test-method> <!-- testCart -->
        <test-method status="PASS" signature="getResultAfterMethod(org.testng.ITestResult)[pri:0, instance:testmeapp.OnlineShoppingTest@75bd9247]" name="getResultAfterMethod" is-config="true" duration-ms="0" started-at="2019-07-23T12:12:53Z" finished-at="2019-07-23T12:12:53Z">
          <params>
            <param index="0">
              <value>
                <![CDATA[[TestResult name=testCart status=SUCCESS method=OnlineShoppingTest.testCart()[pri:0, instance:testmeapp.OnlineShoppingTest@75bd9247] output={null}]]]>
              </value>
            </param>
          </params>
          <reporter-output>
          </reporter-output>
        </test-method> <!-- getResultAfterMethod -->
        <test-method status="PASS" signature="testPayment()[pri:0, instance:testmeapp.OnlineShoppingTest@75bd9247]" name="testPayment" duration-ms="8659" started-at="2019-07-23T12:12:53Z" finished-at="2019-07-23T12:13:02Z">
          <reporter-output>
          </reporter-output>
        </test-method> <!-- testPayment -->
        <test-method status="PASS" signature="getResultAfterMethod(org.testng.ITestResult)[pri:0, instance:testmeapp.OnlineShoppingTest@75bd9247]" name="getResultAfterMethod" is-config="true" duration-ms="1" started-at="2019-07-23T12:13:02Z" finished-at="2019-07-23T12:13:02Z">
          <params>
            <param index="0">
              <value>
                <![CDATA[[TestResult name=testPayment status=SUCCESS method=OnlineShoppingTest.testPayment()[pri:0, instance:testmeapp.OnlineShoppingTest@75bd9247] output={null}]]]>
              </value>
            </param>
          </params>
          <reporter-output>
          </reporter-output>
        </test-method> <!-- getResultAfterMethod -->
        <test-method status="PASS" signature="endReportAfterTest()[pri:0, instance:testmeapp.OnlineShoppingTest@75bd9247]" name="endReportAfterTest" is-config="true" duration-ms="425" started-at="2019-07-23T12:13:02Z" finished-at="2019-07-23T12:13:02Z">
          <reporter-output>
          </reporter-output>
        </test-method> <!-- endReportAfterTest -->
      </class> <!-- testmeapp.OnlineShoppingTest -->
    </test> <!-- Default test -->
  </suite> <!-- Default suite -->
</testng-results>
