<?xml version="1.0" encoding="UTF-8"?>
<testng-results skipped="0" failed="0" total="1" passed="1">
  <reporter-output>
  </reporter-output>
  <suite name="Default suite" duration-ms="3660" started-at="2019-07-23T05:05:51Z" finished-at="2019-07-23T05:05:55Z">
    <groups>
    </groups>
    <test name="Default test" duration-ms="3660" started-at="2019-07-23T05:05:51Z" finished-at="2019-07-23T05:05:55Z">
      <class name="Demo.ExtentReportDemo_01">
        <test-method status="PASS" signature="startReport()[pri:0, instance:Demo.ExtentReportDemo_01@1fbc7afb]" name="startReport" is-config="true" duration-ms="2709" started-at="2019-07-23T10:35:51Z" finished-at="2019-07-23T10:35:54Z">
          <reporter-output>
          </reporter-output>
        </test-method> <!-- startReport -->
        <test-method status="PASS" signature="validating()[pri:0, instance:Demo.ExtentReportDemo_01@1fbc7afb]" name="validating" duration-ms="13" started-at="2019-07-23T10:35:54Z" finished-at="2019-07-23T10:35:54Z">
          <reporter-output>
          </reporter-output>
        </test-method> <!-- validating -->
        <test-method status="PASS" signature="getResult(org.testng.ITestResult)[pri:0, instance:Demo.ExtentReportDemo_01@1fbc7afb]" name="getResult" is-config="true" duration-ms="28" started-at="2019-07-23T10:35:54Z" finished-at="2019-07-23T10:35:54Z">
          <params>
            <param index="0">
              <value>
                <![CDATA[[TestResult name=validating status=SUCCESS method=ExtentReportDemo_01.validating()[pri:0, instance:Demo.ExtentReportDemo_01@1fbc7afb] output={null}]]]>
              </value>
            </param>
          </params>
          <reporter-output>
          </reporter-output>
        </test-method> <!-- getResult -->
        <test-method status="PASS" signature="afterTest()[pri:0, instance:Demo.ExtentReportDemo_01@1fbc7afb]" name="afterTest" is-config="true" duration-ms="891" started-at="2019-07-23T10:35:54Z" finished-at="2019-07-23T10:35:55Z">
          <reporter-output>
          </reporter-output>
        </test-method> <!-- afterTest -->
      </class> <!-- Demo.ExtentReportDemo_01 -->
    </test> <!-- Default test -->
  </suite> <!-- Default suite -->
</testng-results>
