<?xml version="1.0" encoding="UTF-8"?>
<!-- Generated by org.testng.reporters.JUnitXMLReporter -->
<testsuite hostname="DDC2-D-6QYQ9B2" name="Test" tests="5" failures="0" timestamp="19 Jul 2019 09:45:00 GMT" time="0.062" errors="0">
  <testcase name="method1" time="0.016" classname="pack1.HandsOn_04"/>
  <testcase name="method3" time="0.0" classname="pack1.HandsOn_04"/>
  <testcase name="method4" time="0.015" classname="pack1.HandsOn_05"/>
  <testcase name="method5" time="0.0" classname="pack1.HandsOn_05"/>
  <testcase name="method6" time="0.0" classname="pack1.HandsOn_05"/>
</testsuite> <!-- Test -->
