<?xml version="1.0" encoding="UTF-8"?>
<!-- Generated by org.testng.reporters.JUnitXMLReporter -->
<testsuite hostname="DDC2-D-6QYQ9B2" name="Default test" tests="3" failures="0" timestamp="23 Jul 2019 06:43:02 GMT" time="49.511" errors="0">
  <testcase name="testLogin" time="19.705" classname="testmeapp.OnlineShoppingTest"/>
  <testcase name="testCart" time="8.991" classname="testmeapp.OnlineShoppingTest"/>
  <testcase name="testPayment" time="8.659" classname="testmeapp.OnlineShoppingTest"/>
</testsuite> <!-- Default test -->
